2024-03-31 18:29:50,492 CRIT Supervisor is running as root.  Privileges were not dropped because no user is specified in the config file.  If you intend to run as root, you can set user=root in the config file to avoid this message.
2024-03-31 18:29:50,497 INFO supervisord started with pid 1
2024-03-31 18:29:51,503 INFO spawned: 'php-fpm' with pid 7
2024-03-31 18:29:51,505 INFO spawned: 'queue-listener' with pid 8
2024-03-31 18:29:51,507 INFO spawned: 'queue-worker' with pid 9
2024-03-31 18:29:51,702 WARN exited: queue-worker (exit status 1; not expected)
2024-03-31 18:29:52,703 INFO success: php-fpm entered RUNNING state, process has stayed up for > than 1 seconds (startsecs)
2024-03-31 18:29:52,703 INFO success: queue-listener entered RUNNING state, process has stayed up for > than 1 seconds (startsecs)
2024-03-31 18:29:52,704 INFO spawned: 'queue-worker' with pid 23
2024-03-31 18:29:52,959 WARN exited: queue-worker (exit status 1; not expected)
2024-03-31 18:29:54,963 INFO spawned: 'queue-worker' with pid 28
2024-03-31 18:29:55,072 WARN exited: queue-worker (exit status 1; not expected)
2024-03-31 18:29:58,077 INFO spawned: 'queue-worker' with pid 38
2024-03-31 18:29:58,250 WARN exited: queue-worker (exit status 1; not expected)
2024-03-31 18:29:59,251 INFO gave up: queue-worker entered FATAL state, too many start retries too quickly
2024-03-31 19:01:10,126 WARN exited: queue-listener (exit status 1; not expected)
2024-03-31 19:01:11,134 INFO spawned: 'queue-listener' with pid 2065
2024-03-31 19:01:12,239 INFO success: queue-listener entered RUNNING state, process has stayed up for > than 1 seconds (startsecs)
2024-03-31 19:02:15,999 WARN received SIGQUIT indicating exit request
2024-03-31 19:02:16,000 INFO waiting for php-fpm, queue-listener to die
2024-03-31 19:02:17,005 WARN stopped: queue-listener (terminated by SIGTERM)
2024-03-31 19:02:17,048 INFO stopped: php-fpm (exit status 0)
2024-03-31 19:03:41,882 CRIT Supervisor is running as root.  Privileges were not dropped because no user is specified in the config file.  If you intend to run as root, you can set user=root in the config file to avoid this message.
2024-03-31 19:03:41,887 INFO supervisord started with pid 1
2024-03-31 19:03:42,890 INFO spawned: 'php-fpm' with pid 7
2024-03-31 19:03:42,894 INFO spawned: 'queue-listener' with pid 8
2024-03-31 19:03:42,896 INFO spawned: 'queue-worker' with pid 9
2024-03-31 19:03:43,092 WARN exited: queue-worker (exit status 1; not expected)
2024-03-31 19:03:44,094 INFO success: php-fpm entered RUNNING state, process has stayed up for > than 1 seconds (startsecs)
2024-03-31 19:03:44,094 INFO success: queue-listener entered RUNNING state, process has stayed up for > than 1 seconds (startsecs)
2024-03-31 19:03:44,095 INFO spawned: 'queue-worker' with pid 23
2024-03-31 19:03:44,250 WARN exited: queue-worker (exit status 1; not expected)
2024-03-31 19:03:46,254 INFO spawned: 'queue-worker' with pid 28
2024-03-31 19:03:46,431 WARN exited: queue-worker (exit status 1; not expected)
2024-03-31 19:03:49,435 INFO spawned: 'queue-worker' with pid 38
2024-03-31 19:03:49,612 WARN exited: queue-worker (exit status 1; not expected)
2024-03-31 19:03:50,613 INFO gave up: queue-worker entered FATAL state, too many start retries too quickly
